nohup: ignoring input

Warning: This is a simple server for use in testing or debugging Angular applications
locally. It hasn't been reviewed for security issues.

Binding this server to an open connection can result in compromising your application or
computer. Using a different host than the one passed to the "--host" flag might result in
websocket connection issues.
    
❯ Building...
✔ Building...
Initial chunk files | Names         |  Raw size
main.js             | main          | 108.28 kB | 
styles.css          | styles        |   2.15 kB | 
polyfills.js        | polyfills     |  95 bytes | 

                    | Initial total | 110.53 kB

Application bundle generation complete. [2.120 seconds]

Watch mode enabled. Watching for file changes...
NOTE: Raw file sizes do not reflect development server per-request transformations.
  ➜  Local:   http://localhost:12002/
  ➜  Network: http://10.2.98.21:12002/
❯ Changes detected. Rebuilding...
✔ Changes detected. Rebuilding...
Initial chunk files | Names |  Raw size
main.js             | main  | 108.25 kB | 

Application bundle generation complete. [0.541 seconds]

Page reload sent to client(s).
