Watching for file changes with StatReloader
[29/Jul/2025 11:39:43] "GET /api/hotels/ HTTP/1.1" 200 271
[29/Jul/2025 11:40:40] "GET /api/hotels/ HTTP/1.1" 200 271
[29/Jul/2025 11:41:00] "GET /api/hotels/3/room-types/ HTTP/1.1" 200 2
[29/Jul/2025 11:41:00] "GET /api/hotels/3/ HTTP/1.1" 200 191
[29/Jul/2025 11:41:01] "GET /api/hotels/3/ HTTP/1.1" 200 191
[29/Jul/2025 11:41:08] "GET /api/hotels/ HTTP/1.1" 200 271
[29/Jul/2025 11:41:10] "GET /api/hotels/3/room-types/ HTTP/1.1" 200 2
[29/Jul/2025 11:41:10] "GET /api/hotels/3/ HTTP/1.1" 200 191
[29/Jul/2025 11:41:11] "GET /api/hotels/3/ HTTP/1.1" 200 191
[29/Jul/2025 11:41:16] "GET /api/hotels/3/ HTTP/1.1" 200 191
[29/Jul/2025 11:41:16] "GET /api/hotels/3/rooms/ HTTP/1.1" 200 2
[29/Jul/2025 11:41:16] "GET /api/hotels/3/room-types/ HTTP/1.1" 200 2
[29/Jul/2025 11:41:16] "GET /api/hotels/3/ HTTP/1.1" 200 191
[29/Jul/2025 11:41:44] "GET /api/hotels/3/ HTTP/1.1" 200 191
[29/Jul/2025 11:41:44] "GET /api/hotels/3/room-types/ HTTP/1.1" 200 2
[29/Jul/2025 11:41:44] "GET /api/hotels/3/ HTTP/1.1" 200 191
[29/Jul/2025 11:41:46] "GET /api/hotels/ HTTP/1.1" 200 271
Not Found: /
[29/Jul/2025 11:41:51] "GET / HTTP/1.1" 404 2352
[29/Jul/2025 11:43:35] "GET /api/hotels/ HTTP/1.1" 200 271
[29/Jul/2025 11:43:37] "GET /api/hotels/3/ HTTP/1.1" 200 191
[29/Jul/2025 11:43:37] "GET /api/hotels/3/room-types/ HTTP/1.1" 200 2
[29/Jul/2025 11:43:38] "GET /api/hotels/3/ HTTP/1.1" 200 191
[29/Jul/2025 11:43:40] "GET /api/hotels/3/ HTTP/1.1" 200 191
[29/Jul/2025 11:43:40] "GET /api/hotels/3/room-types/ HTTP/1.1" 200 2
[29/Jul/2025 11:43:40] "GET /api/hotels/3/rooms/ HTTP/1.1" 200 2
[29/Jul/2025 11:43:41] "GET /api/hotels/3/ HTTP/1.1" 200 191
[29/Jul/2025 11:43:45] "GET /api/hotels/3/room-types/ HTTP/1.1" 200 2
[29/Jul/2025 11:43:45] "GET /api/hotels/3/ HTTP/1.1" 200 191
[29/Jul/2025 11:43:45] "GET /api/hotels/3/ HTTP/1.1" 200 191
[29/Jul/2025 11:43:46] "GET /api/hotels/ HTTP/1.1" 200 271
[29/Jul/2025 11:43:48] "GET /api/hotels/3/ HTTP/1.1" 200 191
[29/Jul/2025 11:43:48] "GET /api/hotels/3/room-types/ HTTP/1.1" 200 2
[29/Jul/2025 11:43:48] "GET /api/hotels/3/ HTTP/1.1" 200 191
[29/Jul/2025 11:44:02] "OPTIONS /api/hotels/3/room-types/ HTTP/1.1" 200 0
[29/Jul/2025 11:44:03] "POST /api/hotels/3/room-types/ HTTP/1.1" 201 146
[29/Jul/2025 11:44:03] "GET /api/hotels/3/room-types/ HTTP/1.1" 200 148
[29/Jul/2025 11:44:05] "GET /api/hotels/3/rooms/ HTTP/1.1" 200 2
[29/Jul/2025 11:44:05] "GET /api/hotels/3/room-types/ HTTP/1.1" 200 148
[29/Jul/2025 11:44:05] "GET /api/hotels/3/ HTTP/1.1" 200 337
[29/Jul/2025 11:44:05] "GET /api/hotels/3/ HTTP/1.1" 200 337
[29/Jul/2025 11:44:11] "OPTIONS /api/hotels/3/rooms/ HTTP/1.1" 200 0
[29/Jul/2025 11:44:11] "POST /api/hotels/3/rooms/ HTTP/1.1" 201 182
[29/Jul/2025 11:44:12] "GET /api/hotels/3/rooms/ HTTP/1.1" 200 184
[29/Jul/2025 11:44:18] "GET /api/hotels/3/room-types/ HTTP/1.1" 200 148
[29/Jul/2025 11:44:18] "GET /api/hotels/3/ HTTP/1.1" 200 519
[29/Jul/2025 11:44:18] "GET /api/hotels/3/ HTTP/1.1" 200 519
[29/Jul/2025 11:44:20] "GET /api/hotels/ HTTP/1.1" 200 271
[29/Jul/2025 11:44:34] "OPTIONS /api/hotels/2/ HTTP/1.1" 200 0
[29/Jul/2025 11:44:34] "DELETE /api/hotels/2/ HTTP/1.1" 204 0
[29/Jul/2025 11:44:34] "GET /api/hotels/ HTTP/1.1" 200 178
[29/Jul/2025 11:44:37] "GET /api/hotels/3/room-types/ HTTP/1.1" 200 148
[29/Jul/2025 11:44:37] "GET /api/hotels/3/ HTTP/1.1" 200 519
[29/Jul/2025 11:44:37] "GET /api/hotels/3/ HTTP/1.1" 200 519
Not Found: /
[29/Jul/2025 11:49:55] "GET / HTTP/1.1" 404 2352
Not Found: /
[29/Jul/2025 11:51:09] "GET / HTTP/1.1" 404 2352
[29/Jul/2025 12:01:20] "GET /api/hotels/ HTTP/1.1" 200 178
[29/Jul/2025 12:01:21] "GET /api/hotels/3/room-types/ HTTP/1.1" 200 148
[29/Jul/2025 12:01:21] "GET /api/hotels/3/ HTTP/1.1" 200 519
[29/Jul/2025 12:01:22] "GET /api/hotels/3/ HTTP/1.1" 200 519
Bad Request: /api/hotels/3/room-types/
[29/Jul/2025 12:01:41] "POST /api/hotels/3/room-types/ HTTP/1.1" 400 50
[29/Jul/2025 12:01:45] "POST /api/hotels/3/room-types/ HTTP/1.1" 201 147
[29/Jul/2025 12:01:45] "GET /api/hotels/3/room-types/ HTTP/1.1" 200 296
Not Found: /
[29/Jul/2025 12:02:05] "GET / HTTP/1.1" 404 2352
Not Found: /
[29/Jul/2025 12:02:22] "GET / HTTP/1.1" 404 2352
[29/Jul/2025 12:02:29] "OPTIONS /api/hotels/3/room-types/5/ HTTP/1.1" 200 0
[29/Jul/2025 12:02:29] "DELETE /api/hotels/3/room-types/5/ HTTP/1.1" 204 0
[29/Jul/2025 12:02:30] "GET /api/hotels/3/room-types/ HTTP/1.1" 200 149
[29/Jul/2025 12:02:33] "GET /api/hotels/ HTTP/1.1" 200 178
[29/Jul/2025 12:02:37] "GET /api/hotels/3/room-types/ HTTP/1.1" 200 149
[29/Jul/2025 12:02:37] "GET /api/hotels/3/ HTTP/1.1" 200 338
[29/Jul/2025 12:02:37] "GET /api/hotels/3/ HTTP/1.1" 200 338
[29/Jul/2025 12:02:46] "GET /api/hotels/ HTTP/1.1" 200 178
[29/Jul/2025 12:02:51] "GET /api/hotels/3/room-types/ HTTP/1.1" 200 149
[29/Jul/2025 12:02:51] "GET /api/hotels/3/ HTTP/1.1" 200 338
[29/Jul/2025 12:02:51] "GET /api/hotels/3/ HTTP/1.1" 200 338
Not Found: /
[29/Jul/2025 12:02:58] "GET / HTTP/1.1" 404 2352
[29/Jul/2025 12:06:01] "GET /api/hotels/ HTTP/1.1" 200 178
[29/Jul/2025 12:06:04] "GET /api/hotels/3/room-types/ HTTP/1.1" 200 149
[29/Jul/2025 12:06:04] "GET /api/hotels/3/ HTTP/1.1" 200 338
[29/Jul/2025 12:06:04] "GET /api/hotels/3/ HTTP/1.1" 200 338
[29/Jul/2025 12:06:06] "GET /api/hotels/3/ HTTP/1.1" 200 338
[29/Jul/2025 12:06:06] "GET /api/hotels/3/rooms/ HTTP/1.1" 200 2
[29/Jul/2025 12:06:06] "GET /api/hotels/3/room-types/ HTTP/1.1" 200 149
[29/Jul/2025 12:06:06] "GET /api/hotels/3/ HTTP/1.1" 200 338
[29/Jul/2025 12:06:13] "POST /api/hotels/3/rooms/ HTTP/1.1" 201 183
[29/Jul/2025 12:06:13] "GET /api/hotels/3/rooms/ HTTP/1.1" 200 185
[29/Jul/2025 12:06:25] "GET /api/hotels/3/room-types/ HTTP/1.1" 200 149
[29/Jul/2025 12:06:25] "GET /api/hotels/3/ HTTP/1.1" 200 521
[29/Jul/2025 12:06:26] "GET /api/hotels/3/ HTTP/1.1" 200 521
[29/Jul/2025 12:06:29] "GET /api/hotels/ HTTP/1.1" 200 178
[29/Jul/2025 12:06:33] "GET /api/hotels/3/room-types/ HTTP/1.1" 200 149
[29/Jul/2025 12:06:33] "GET /api/hotels/3/ HTTP/1.1" 200 521
[29/Jul/2025 12:06:33] "GET /api/hotels/3/ HTTP/1.1" 200 521
Bad Request: /api/hotels/3/room-types/
[29/Jul/2025 12:06:58] "POST /api/hotels/3/room-types/ HTTP/1.1" 400 50
[29/Jul/2025 12:07:08] "POST /api/hotels/3/room-types/ HTTP/1.1" 201 146
[29/Jul/2025 12:07:08] "GET /api/hotels/3/room-types/ HTTP/1.1" 200 296
Not Found: /
[29/Jul/2025 12:07:23] "GET / HTTP/1.1" 404 2352
[29/Jul/2025 12:14:53] "GET /api/hotels/ HTTP/1.1" 200 178
[29/Jul/2025 12:14:55] "GET /api/hotels/3/room-types/ HTTP/1.1" 200 296
[29/Jul/2025 12:14:55] "GET /api/hotels/3/ HTTP/1.1" 200 668
[29/Jul/2025 12:14:56] "GET /api/hotels/3/ HTTP/1.1" 200 668
Not Found: /
[29/Jul/2025 12:14:58] "GET / HTTP/1.1" 404 2352
Not Found: /
[29/Jul/2025 12:19:51] "GET / HTTP/1.1" 404 2352
[29/Jul/2025 12:27:50] "GET /api/hotels/3/room-types/ HTTP/1.1" 200 296
[29/Jul/2025 12:27:50] "GET /api/hotels/3/rooms/ HTTP/1.1" 200 185
[29/Jul/2025 12:27:50] "GET /api/hotels/3/ HTTP/1.1" 200 668
[29/Jul/2025 12:27:50] "GET /api/hotels/3/ HTTP/1.1" 200 668
[29/Jul/2025 12:27:52] "GET /api/hotels/3/ HTTP/1.1" 200 668
[29/Jul/2025 12:27:52] "GET /api/hotels/3/room-types/ HTTP/1.1" 200 296
[29/Jul/2025 12:27:52] "GET /api/hotels/3/ HTTP/1.1" 200 668
Not Found: /
[29/Jul/2025 12:27:54] "GET / HTTP/1.1" 404 2352
[29/Jul/2025 12:30:26] "GET /api/hotels/ HTTP/1.1" 200 178
[29/Jul/2025 12:30:28] "GET /api/hotels/3/room-types/ HTTP/1.1" 200 296
[29/Jul/2025 12:30:28] "GET /api/hotels/3/ HTTP/1.1" 200 668
[29/Jul/2025 12:30:29] "GET /api/hotels/3/ HTTP/1.1" 200 668
[29/Jul/2025 12:31:02] "GET /api/hotels/ HTTP/1.1" 200 178
[29/Jul/2025 12:31:06] "GET /api/hotels/3/room-types/ HTTP/1.1" 200 296
[29/Jul/2025 12:31:06] "GET /api/hotels/3/ HTTP/1.1" 200 668
[29/Jul/2025 12:31:06] "GET /api/hotels/3/ HTTP/1.1" 200 668
[29/Jul/2025 12:31:19] "GET /api/hotels/ HTTP/1.1" 200 178
[29/Jul/2025 12:31:21] "GET /api/hotels/3/room-types/ HTTP/1.1" 200 296
[29/Jul/2025 12:31:21] "GET /api/hotels/3/ HTTP/1.1" 200 668
[29/Jul/2025 12:31:21] "GET /api/hotels/3/ HTTP/1.1" 200 668
[29/Jul/2025 12:31:22] "GET /api/hotels/3/rooms/ HTTP/1.1" 200 185
[29/Jul/2025 12:31:22] "GET /api/hotels/3/ HTTP/1.1" 200 668
[29/Jul/2025 12:31:22] "GET /api/hotels/3/room-types/ HTTP/1.1" 200 296
[29/Jul/2025 12:31:22] "GET /api/hotels/3/ HTTP/1.1" 200 668
[29/Jul/2025 12:31:24] "GET /api/hotels/3/room-types/ HTTP/1.1" 200 296
[29/Jul/2025 12:31:24] "GET /api/hotels/3/ HTTP/1.1" 200 668
[29/Jul/2025 12:31:24] "GET /api/hotels/3/ HTTP/1.1" 200 668
Not Found: /
[29/Jul/2025 12:31:25] "GET / HTTP/1.1" 404 2352
Not Found: /
[29/Jul/2025 12:31:35] "GET / HTTP/1.1" 404 2352
[29/Jul/2025 12:33:18] "GET /api/hotels/ HTTP/1.1" 200 178
[29/Jul/2025 12:33:21] "GET /api/hotels/3/room-types/ HTTP/1.1" 200 296
[29/Jul/2025 12:33:21] "GET /api/hotels/3/ HTTP/1.1" 200 668
[29/Jul/2025 12:33:21] "GET /api/hotels/3/ HTTP/1.1" 200 668
[29/Jul/2025 12:33:23] "GET /api/hotels/3/rooms/ HTTP/1.1" 200 185
[29/Jul/2025 12:33:23] "GET /api/hotels/3/room-types/ HTTP/1.1" 200 296
[29/Jul/2025 12:33:23] "GET /api/hotels/3/ HTTP/1.1" 200 668
[29/Jul/2025 12:33:23] "GET /api/hotels/3/ HTTP/1.1" 200 668
Not Found: /
[29/Jul/2025 12:35:08] "GET / HTTP/1.1" 404 2352
Not Found: /
[29/Jul/2025 12:35:17] "GET / HTTP/1.1" 404 2352
Not Found: /
[29/Jul/2025 12:35:40] "GET / HTTP/1.1" 404 2352
[29/Jul/2025 12:38:07] "GET /api/hotels/ HTTP/1.1" 200 178
[29/Jul/2025 12:38:10] "GET /api/hotels/3/room-types/ HTTP/1.1" 200 296
[29/Jul/2025 12:38:10] "GET /api/hotels/3/ HTTP/1.1" 200 668
[29/Jul/2025 12:38:10] "GET /api/hotels/3/ HTTP/1.1" 200 668
[29/Jul/2025 12:38:17] "GET /api/hotels/ HTTP/1.1" 200 178
[29/Jul/2025 12:38:19] "GET /api/hotels/3/room-types/ HTTP/1.1" 200 296
[29/Jul/2025 12:38:19] "GET /api/hotels/3/ HTTP/1.1" 200 668
[29/Jul/2025 12:38:19] "GET /api/hotels/3/ HTTP/1.1" 200 668
[29/Jul/2025 12:38:21] "GET /api/hotels/3/rooms/ HTTP/1.1" 200 185
[29/Jul/2025 12:38:21] "GET /api/hotels/3/ HTTP/1.1" 200 668
[29/Jul/2025 12:38:21] "GET /api/hotels/3/room-types/ HTTP/1.1" 200 296
[29/Jul/2025 12:38:21] "GET /api/hotels/3/ HTTP/1.1" 200 668
Not Found: /
[29/Jul/2025 12:47:12] "GET / HTTP/1.1" 404 2352
Not Found: /
[29/Jul/2025 12:55:21] "GET / HTTP/1.1" 404 2352
